<?xml version="1.0" encoding="UTF-8"?>
<testsuite xmlns:xsi="http://www.w3.org/2001/XMLSchema-instance" xsi:noNamespaceSchemaLocation="https://maven.apache.org/surefire/maven-surefire-plugin/xsd/surefire-test-report.xsd" name="org.cloudbus.cloudsim.power.models.PowerModelSquareTest" time="0.005" tests="5" errors="0" skipped="0" failures="0">
  <properties>
[...]
</properties>
  <testcase name="testGetPowerArgumentLessThenZero" classname="org.cloudbus.cloudsim.power.models.PowerModelSquareTest" time="0"/>
  <testcase name="testGetPower" classname="org.cloudbus.cloudsim.power.models.PowerModelSquareTest" time="0.001"/>
  <testcase name="testPrintPower" classname="org.cloudbus.cloudsim.power.models.PowerModelSquareTest" time="0.002"/>
  <testcase name="testGetMaxPower" classname="org.cloudbus.cloudsim.power.models.PowerModelSquareTest" time="0"/>
  <testcase name="testGetPowerArgumentLargerThenOne" classname="org.cloudbus.cloudsim.power.models.PowerModelSquareTest" time="0.001"/>
</testsuite>